<?xml version="1.0" encoding="UTF-8"?>
<!-- Generated by org.testng.reporters.JUnitXMLReporter -->
<testsuite hostname="DESKTOP-AOCFHRV" name="Default test" tests="5" failures="0" timestamp="3 Jul 2022 17:23:00 GMT" time="10.796" errors="0">
  <testcase name="A1createuser" time="3.615" classname="IBM.API_Assignment.apiTestCases"/>
  <testcase name="A2getuser" time="2.114" classname="IBM.API_Assignment.apiTestCases"/>
  <testcase name="A3loginuser" time="1.734" classname="IBM.API_Assignment.apiTestCases"/>
  <testcase name="A4modify" time="1.814" classname="IBM.API_Assignment.apiTestCases"/>
  <testcase name="A5delete" time="1.482" classname="IBM.API_Assignment.apiTestCases"/>
</testsuite> <!-- Default test -->
