<?xml version="1.0" encoding="UTF-8"?>
<testng-results skipped="0" failed="0" total="5" passed="5">
  <reporter-output>
  </reporter-output>
  <suite name="Default suite" duration-ms="10796" started-at="2022-07-03T17:22:49Z" finished-at="2022-07-03T17:23:00Z">
    <groups>
    </groups>
    <test name="Default test" duration-ms="10796" started-at="2022-07-03T17:22:49Z" finished-at="2022-07-03T17:23:00Z">
      <class name="IBM.API_Assignment.apiTestCases">
        <test-method status="PASS" signature="A1createuser(java.lang.String, java.lang.String, java.lang.String, java.lang.String, java.lang.String, int, int)[pri:0, instance:IBM.API_Assignment.apiTestCases@546a03af]" name="A1createuser" duration-ms="3615" started-at="2022-07-03T22:52:49Z" data-provider="testdata" finished-at="2022-07-03T22:52:52Z">
          <params>
            <param index="0">
              <value>
                <![CDATA[john1234]]>
              </value>
            </param>
            <param index="1">
              <value>
                <![CDATA[John]]>
              </value>
            </param>
            <param index="2">
              <value>
                <![CDATA[Doe]]>
              </value>
            </param>
            <param index="3">
              <value>
                <![CDATA[test@example.com]]>
              </value>
            </param>
            <param index="4">
              <value>
                <![CDATA[john1234]]>
              </value>
            </param>
            <param index="5">
              <value>
                <![CDATA[1234567890]]>
              </value>
            </param>
            <param index="6">
              <value>
                <![CDATA[0]]>
              </value>
            </param>
          </params>
          <reporter-output>
          </reporter-output>
        </test-method> <!-- A1createuser -->
        <test-method status="PASS" signature="A2getuser()[pri:0, instance:IBM.API_Assignment.apiTestCases@546a03af]" name="A2getuser" duration-ms="2114" started-at="2022-07-03T22:52:52Z" finished-at="2022-07-03T22:52:55Z">
          <reporter-output>
          </reporter-output>
        </test-method> <!-- A2getuser -->
        <test-method status="PASS" signature="A3loginuser()[pri:0, instance:IBM.API_Assignment.apiTestCases@546a03af]" name="A3loginuser" duration-ms="1734" started-at="2022-07-03T22:52:55Z" finished-at="2022-07-03T22:52:56Z">
          <reporter-output>
          </reporter-output>
        </test-method> <!-- A3loginuser -->
        <test-method status="PASS" signature="A4modify()[pri:0, instance:IBM.API_Assignment.apiTestCases@546a03af]" name="A4modify" duration-ms="1814" started-at="2022-07-03T22:52:56Z" finished-at="2022-07-03T22:52:58Z">
          <reporter-output>
          </reporter-output>
        </test-method> <!-- A4modify -->
        <test-method status="PASS" signature="A5delete()[pri:0, instance:IBM.API_Assignment.apiTestCases@546a03af]" name="A5delete" duration-ms="1482" started-at="2022-07-03T22:52:58Z" finished-at="2022-07-03T22:53:00Z">
          <reporter-output>
          </reporter-output>
        </test-method> <!-- A5delete -->
      </class> <!-- IBM.API_Assignment.apiTestCases -->
    </test> <!-- Default test -->
  </suite> <!-- Default suite -->
</testng-results>
